Build started 25/06/2014 16:09:21.
     1>Project "C:\Users\gareth\Documents\Visual Studio 2010\Projects\antcolony\antcolony\antcolony.vcxproj" on node 2 (build target(s)).
     1>InitializeBuildStatus:
         Creating "Debug\antcolony.unsuccessfulbuild" because "AlwaysCreate" was specified.
       ClCompile:
         All outputs are up-to-date.
         c:\Program Files (x86)\Microsoft Visual Studio 10.0\VC\bin\CL.exe /c /ZI /nologo /W3 /WX- /Od /Oy- /D WIN32 /D _DEBUG /D _CONSOLE /D _UNICODE /D UNICODE /Gm /EHsc /RTC1 /MDd /GS /fp:precise /Zc:wchar_t /Zc:forScope /Yu"StdAfx.h" /Fp"Debug\antcolony.pch" /Fo"Debug\\" /Fd"Debug\vc100.pdb" /Gd /TP /analyze- /errorReport:prompt FileReader.cpp
         FileReader.cpp
       Link:
         c:\Program Files (x86)\Microsoft Visual Studio 10.0\VC\bin\link.exe /ERRORREPORT:PROMPT /OUT:"C:\Users\gareth\Documents\Visual Studio 2010\Projects\antcolony\Debug\antcolony.exe" /INCREMENTAL:NO /NOLOGO kernel32.lib user32.lib gdi32.lib winspool.lib comdlg32.lib advapi32.lib shell32.lib ole32.lib oleaut32.lib uuid.lib odbc32.lib odbccp32.lib /MANIFEST /ManifestFile:"Debug\antcolony.exe.intermediate.manifest" /MANIFESTUAC:"level='asInvoker' uiAccess='false'" /DEBUG /PDB:"C:\Users\gareth\Documents\Visual Studio 2010\Projects\antcolony\Debug\antcolony.pdb" /SUBSYSTEM:CONSOLE /TLBID:1 /DYNAMICBASE /NXCOMPAT /IMPLIB:"C:\Users\gareth\Documents\Visual Studio 2010\Projects\antcolony\Debug\antcolony.lib" /MACHINE:X86 Debug\antcolony.obj
         Debug\Coords.obj
         Debug\FileReader.obj
         Debug\stdafx.obj
     1>antcolony.obj : warning LNK4075: ignoring '/EDITANDCONTINUE' due to '/INCREMENTAL:NO' specification
         antcolony.vcxproj -> C:\Users\gareth\Documents\Visual Studio 2010\Projects\antcolony\Debug\antcolony.exe
       Manifest:
         C:\Program Files (x86)\Microsoft SDKs\Windows\v7.0A\bin\mt.exe /nologo /verbose /outputresource:"C:\Users\gareth\Documents\Visual Studio 2010\Projects\antcolony\Debug\antcolony.exe;#1" /manifest Debug\antcolony.exe.intermediate.manifest
       FinalizeBuildStatus:
         Deleting file "Debug\antcolony.unsuccessfulbuild".
         Touching "Debug\antcolony.lastbuildstate".
     1>Done Building Project "C:\Users\gareth\Documents\Visual Studio 2010\Projects\antcolony\antcolony\antcolony.vcxproj" (build target(s)).

Build succeeded.

Time Elapsed 00:00:01.95
